<?xml version="1.0" encoding="UTF-8"?>
<!-- Generated by org.testng.reporters.JUnitXMLReporter -->
<testsuite hostname="BLRHGUP2269252" name="Chrome" tests="5" failures="0" timestamp="11 Oct 2017 09:55:11 GMT" time="3.88" errors="0">
  <testcase name="@BeforeClass setUp" time="0.0" classname="Test.OnlineBankingTest">
    <failure type="java.lang.NullPointerException" message="null value in entry: url=null">
      <![CDATA[java.lang.NullPointerException: null value in entry: url=null
	at com.google.common.collect.CollectPreconditions.checkEntryNotNull(CollectPreconditions.java:34)
	at com.google.common.collect.ImmutableMap.entryOf(ImmutableMap.java:175)
	at com.google.common.collect.ImmutableMap.of(ImmutableMap.java:123)
	at org.openqa.selenium.remote.RemoteWebDriver.get(RemoteWebDriver.java:368)
	at Test.OnlineBankingTest.setUp(OnlineBankingTest.java:93)
... Removed 24 stack frames]]>
    </failure>
  </testcase> <!-- @BeforeClass setUp -->
  <testcase name="@AfterClass closeBrowser" time="0.0" classname="Test.OnlineBankingTest">
    <skipped/>
  </testcase> <!-- @AfterClass closeBrowser -->
  <testcase name="invalidLogin" time="0.001" classname="Test.OnlineBankingTest">
    <skipped/>
  </testcase> <!-- invalidLogin -->
  <testcase name="validLoginHomePage" time="0.0" classname="Test.OnlineBankingTest">
    <skipped/>
  </testcase> <!-- validLoginHomePage -->
  <testcase name="ValidateAccountHistory" time="0.001" classname="Test.OnlineBankingTest">
    <skipped/>
  </testcase> <!-- ValidateAccountHistory -->
  <testcase name="TransferFundAmount" time="0.001" classname="Test.OnlineBankingTest">
    <skipped/>
  </testcase> <!-- TransferFundAmount -->
  <testcase name="AccountInformation" time="0.001" classname="Test.OnlineBankingTest">
    <skipped/>
  </testcase> <!-- AccountInformation -->
</testsuite> <!-- Chrome -->
