<?xml version="1.0" encoding="UTF-8"?>
<!-- Generated by org.testng.reporters.JUnitXMLReporter -->
<testsuite hostname="BLRHGUP2269252" name="Internet Explorer" tests="5" failures="0" timestamp="19 Sep 2017 03:55:22 GMT" time="22.18" errors="0">
  <testcase name="invalidLogin" time="0.961" classname="Test.OnlineBankingTest"/>
  <testcase name="validLoginHomePage" time="10.966" classname="Test.OnlineBankingTest"/>
  <testcase name="ValidateAccountHistory" time="1.016" classname="Test.OnlineBankingTest"/>
  <testcase name="TransferFundAmount" time="1.835" classname="Test.OnlineBankingTest"/>
  <testcase name="AccountInformation" time="1.511" classname="Test.OnlineBankingTest"/>
</testsuite> <!-- Internet Explorer -->
